<?xml version="1.0" encoding="UTF-8" ?>
<testsuite failures="0" time="3.025" errors="1" skipped="0" tests="1" name="org.mule.examples.MELTest">
  <properties>
    <property name="java.runtime.name" value="Java(TM) SE Runtime Environment"/>
    <property name="sun.boot.library.path" value="c:\java\jre\bin"/>
    <property name="java.vm.version" value="24.60-b09"/>
    <property name="java.vm.vendor" value="Oracle Corporation"/>
    <property name="java.vendor.url" value="http://java.oracle.com/"/>
    <property name="path.separator" value=";"/>
    <property name="java.vm.name" value="Java HotSpot(TM) 64-Bit Server VM"/>
    <property name="file.encoding.pkg" value="sun.io"/>
    <property name="user.script" value=""/>
    <property name="user.country" value="US"/>
    <property name="sun.java.launcher" value="SUN_STANDARD"/>
    <property name="sun.os.patch.level" value=""/>
    <property name="java.vm.specification.name" value="Java Virtual Machine Specification"/>
    <property name="user.dir" value="c:\incoming\examples\mel-basics"/>
    <property name="java.runtime.version" value="1.7.0_60-b19"/>
    <property name="java.awt.graphicsenv" value="sun.awt.Win32GraphicsEnvironment"/>
    <property name="basedir" value="c:\incoming\examples\mel-basics"/>
    <property name="java.endorsed.dirs" value="c:\java\jre\lib\endorsed"/>
    <property name="os.arch" value="amd64"/>
    <property name="surefire.real.class.path" value="C:\Users\Admin\AppData\Local\Temp\surefirebooter7173384196901219086.jar"/>
    <property name="java.io.tmpdir" value="C:\Users\Admin\AppData\Local\Temp\"/>
    <property name="line.separator" value="
"/>
    <property name="java.vm.specification.vendor" value="Oracle Corporation"/>
    <property name="user.variant" value=""/>
    <property name="os.name" value="Windows 8"/>
    <property name="sun.jnu.encoding" value="Cp1250"/>
    <property name="java.library.path" value="c:\java\jre\bin;C:\windows\Sun\Java\bin;C:\windows\system32;C:\windows;C:\Program Files\IBM\WebSphere MQ\java\lib;C:\Program Files\IBM\WebSphere MQ\java\lib64;C:\app\Admin\product\12.1.0\dbhome_1\bin;C:\Program Files (x86)\Intel\iCLS Client\;C:\Program Files\Intel\iCLS Client\;C:\windows\system32;C:\windows;C:\windows\System32\Wbem;C:\windows\System32\WindowsPowerShell\v1.0\;C:\Program Files\Intel\Intel(R) Management Engine Components\DAL;C:\Program Files\Intel\Intel(R) Management Engine Components\IPT;C:\Program Files (x86)\Intel\Intel(R) Management Engine Components\DAL;C:\Program Files (x86)\Intel\Intel(R) Management Engine Components\IPT;C:\Program Files (x86)\Intel\OpenCL SDK\3.0\bin\x86;C:\Program Files (x86)\Intel\OpenCL SDK\3.0\bin\x64;C:\Program Files\Lenovo\Fingerprint Manager Pro\;C:\ProgramData\Lenovo\ReadyApps;C:\Program Files\Intel\WiFi\bin\;C:\Program Files\Common Files\Intel\WirelessCommon\;c:/maven/bin;C:\Program Files (x86)\Git\cmd;C:\Program Files (x86)\MySQL\MySQL Utilities 1.3.6\;c:/java\bin;C:\Program Files\Microsoft SQL Server\Client SDK\ODBC\110\Tools\Binn\;C:\Program Files (x86)\Microsoft SQL Server\120\Tools\Binn\;C:\Program Files\Microsoft SQL Server\120\Tools\Binn\;C:\Program Files\Microsoft SQL Server\120\DTS\Binn\;C:\Program Files (x86)\Microsoft SQL Server\120\Tools\Binn\ManagementStudio\;C:\Program Files (x86)\Microsoft SQL Server\120\DTS\Binn\;C:\Program Files (x86)\MIT\Kerberos\bin;C:\HashiCorp\Vagrant\bin;C:\Program Files (x86)\Git\bin;C:\Program Files\IBM\WebSphere MQ\bin64;C:\Program Files\IBM\WebSphere MQ\bin;C:\Program Files\IBM\WebSphere MQ\tools\c\samples\bin;."/>
    <property name="surefire.test.class.path" value="c:\incoming\examples\mel-basics\target\test-classes;c:\incoming\examples\mel-basics\target\classes;C:\Users\Admin\.m2\repository\com\mulesoft\muleesb\modules\mule-module-data-mapper\3.5.1\mule-module-data-mapper-3.5.1.jar;C:\Users\Admin\.m2\repository\de\schlichtherle\truelicense\1.29\truelicense-1.29.jar;C:\Users\Admin\.m2\repository\de\schlichtherle\truexml\1.29\truexml-1.29.jar;C:\Users\Admin\.m2\repository\com\mulesoft\licm\licm\1.1.4\licm-1.1.4.jar;C:\Users\Admin\.m2\repository\opensymphony\propertyset\1.3\propertyset-1.3.jar;C:\Users\Admin\.m2\repository\opensymphony\oscore\2.2.4\oscore-2.2.4.jar;C:\Users\Admin\.m2\repository\commons-codec\commons-codec\1.3\commons-codec-1.3.jar;C:\Users\Admin\.m2\repository\com\mulesoft\muleesb\modules\mule-module-boot-ee\3.5.1\mule-module-boot-ee-3.5.1.jar;C:\Users\Admin\.m2\repository\com\mulesoft\muleesb\mule-core-ee\3.5.1\mule-core-ee-3.5.1.jar;C:\Users\Admin\.m2\repository\org\aspectj\aspectjrt\1.6.11\aspectjrt-1.6.11.jar;C:\Users\Admin\.m2\repository\tanukisoft\wrapper\3.2.3\wrapper-3.2.3.jar;C:\Users\Admin\.m2\repository\org\mule\modules\mule-module-json\3.5.1\mule-module-json-3.5.1.jar;C:\Users\Admin\.m2\repository\org\codehaus\jackson\jackson-core-asl\1.9.11\jackson-core-asl-1.9.11.jar;C:\Users\Admin\.m2\repository\org\codehaus\jackson\jackson-mapper-asl\1.9.11\jackson-mapper-asl-1.9.11.jar;C:\Users\Admin\.m2\repository\org\codehaus\jackson\jackson-xc\1.9.11\jackson-xc-1.9.11.jar;C:\Users\Admin\.m2\repository\de\odysseus\staxon\staxon\1.2\staxon-1.2.jar;C:\Users\Admin\.m2\repository\org\codehaus\woodstox\stax2-api\3.1.1\stax2-api-3.1.1.jar;C:\Users\Admin\.m2\repository\javax\xml\stream\stax-api\1.0-2\stax-api-1.0-2.jar;C:\Users\Admin\.m2\repository\org\kitchen-eel\json-schema-validator\1.2.2\json-schema-validator-1.2.2.jar;C:\Users\Admin\.m2\repository\org\mozilla\rhino\1.7R4\rhino-1.7R4.jar;C:\Users\Admin\.m2\repository\javax\mail\mailapi\1.4.3\mailapi-1.4.3.jar;C:\Users\Admin\.m2\repository\com\fasterxml\jackson\core\jackson-databind\2.1.1\jackson-databind-2.1.1.jar;C:\Users\Admin\.m2\repository\com\fasterxml\jackson\core\jackson-annotations\2.1.1\jackson-annotations-2.1.1.jar;C:\Users\Admin\.m2\repository\com\fasterxml\jackson\core\jackson-core\2.1.1\jackson-core-2.1.1.jar;C:\Users\Admin\.m2\repository\org\mule\mule-core\3.5.1\mule-core-3.5.1.jar;C:\Users\Admin\.m2\repository\commons-beanutils\commons-beanutils\1.8.0\commons-beanutils-1.8.0.jar;C:\Users\Admin\.m2\repository\com\github\stephenc\eaio-uuid\uuid\3.4.0\uuid-3.4.0.jar;C:\Users\Admin\.m2\repository\com\github\stephenc\eaio-grabbag\grabbag\1.8.1\grabbag-1.8.1.jar;C:\Users\Admin\.m2\repository\commons-collections\commons-collections\3.2.1\commons-collections-3.2.1.jar;C:\Users\Admin\.m2\repository\commons-io\commons-io\2.4\commons-io-2.4.jar;C:\Users\Admin\.m2\repository\commons-lang\commons-lang\2.4\commons-lang-2.4.jar;C:\Users\Admin\.m2\repository\commons-pool\commons-pool\1.6\commons-pool-1.6.jar;C:\Users\Admin\.m2\repository\org\apache\geronimo\specs\geronimo-jta_1.1_spec\1.1.1\geronimo-jta_1.1_spec-1.1.1.jar;C:\Users\Admin\.m2\repository\org\apache\geronimo\specs\geronimo-j2ee-connector_1.5_spec\1.1\geronimo-j2ee-connector_1.5_spec-1.1.jar;C:\Users\Admin\.m2\repository\javax\annotation\jsr250-api\1.0\jsr250-api-1.0.jar;C:\Users\Admin\.m2\repository\org\slf4j\jcl-over-slf4j\1.6.1\jcl-over-slf4j-1.6.1.jar;C:\Users\Admin\.m2\repository\org\slf4j\slf4j-api\1.6.1\slf4j-api-1.6.1.jar;C:\Users\Admin\.m2\repository\org\slf4j\slf4j-log4j12\1.6.1\slf4j-log4j12-1.6.1.jar;C:\Users\Admin\.m2\repository\log4j\log4j\1.2.16\log4j-1.2.16.jar;C:\Users\Admin\.m2\repository\asm\asm\3.1\asm-3.1.jar;C:\Users\Admin\.m2\repository\asm\asm-commons\3.1\asm-commons-3.1.jar;C:\Users\Admin\.m2\repository\asm\asm-tree\3.1\asm-tree-3.1.jar;C:\Users\Admin\.m2\repository\org\mule\mvel\mule-mvel2\2.1.9-MULE-004\mule-mvel2-2.1.9-MULE-004.jar;C:\Users\Admin\.m2\repository\org\jgrapht\jgrapht-jdk1.5\0.7.3\jgrapht-jdk1.5-0.7.3.jar;C:\Users\Admin\.m2\repository\org\mule\common\mule-common\3.5.1\mule-common-3.5.1.jar;C:\Users\Admin\.m2\repository\org\apache\xmlbeans\xmlbeans\2.3.0\xmlbeans-2.3.0.jar;C:\Users\Admin\.m2\repository\org\antlr\antlr-runtime\3.5\antlr-runtime-3.5.jar;C:\Users\Admin\.m2\repository\org\antlr\stringtemplate\3.2.1\stringtemplate-3.2.1.jar;C:\Users\Admin\.m2\repository\com\google\guava\guava\16.0.1\guava-16.0.1.jar;C:\Users\Admin\.m2\repository\org\mule\modules\mule-module-spring-config\3.5.1\mule-module-spring-config-3.5.1.jar;C:\Users\Admin\.m2\repository\org\mule\modules\mule-module-annotations\3.5.1\mule-module-annotations-3.5.1.jar;C:\Users\Admin\.m2\repository\cglib\cglib-nodep\2.2\cglib-nodep-2.2.jar;C:\Users\Admin\.m2\repository\org\springframework\spring-context\3.2.1.RELEASE\spring-context-3.2.1.RELEASE.jar;C:\Users\Admin\.m2\repository\org\springframework\spring-expression\3.2.1.RELEASE\spring-expression-3.2.1.RELEASE.jar;C:\Users\Admin\.m2\repository\dom4j\dom4j\1.6.1\dom4j-1.6.1.jar;C:\Users\Admin\.m2\repository\jaxen\jaxen\1.1.1\jaxen-1.1.1.jar;C:\Users\Admin\.m2\repository\org\mule\transports\mule-transport-file\3.5.1\mule-transport-file-3.5.1.jar;C:\Users\Admin\.m2\repository\org\mule\transports\mule-transport-http\3.5.1\mule-transport-http-3.5.1.jar;C:\Users\Admin\.m2\repository\org\mule\transports\mule-transport-ssl\3.5.1\mule-transport-ssl-3.5.1.jar;C:\Users\Admin\.m2\repository\commons-httpclient\commons-httpclient\3.1\commons-httpclient-3.1.jar;C:\Users\Admin\.m2\repository\tomcat\tomcat-util\5.5.23\tomcat-util-5.5.23.jar;C:\Users\Admin\.m2\repository\tomcat\tomcat-apr\5.5.23\tomcat-apr-5.5.23.jar;C:\Users\Admin\.m2\repository\org\samba\jcifs\jcifs\1.3.3\jcifs-1.3.3.jar;C:\Users\Admin\.m2\repository\joda-time\joda-time\1.6\joda-time-1.6.jar;C:\Users\Admin\.m2\repository\org\mule\transports\mule-transport-jdbc\3.5.1\mule-transport-jdbc-3.5.1.jar;C:\Users\Admin\.m2\repository\commons-dbutils\commons-dbutils\1.2\commons-dbutils-1.2.jar;C:\Users\Admin\.m2\repository\com\experlog\xapool\1.5.0\xapool-1.5.0.jar;C:\Users\Admin\.m2\repository\org\mule\transports\mule-transport-jms\3.5.1\mule-transport-jms-3.5.1.jar;C:\Users\Admin\.m2\repository\org\apache\geronimo\specs\geronimo-jms_1.1_spec\1.1\geronimo-jms_1.1_spec-1.1.jar;C:\Users\Admin\.m2\repository\org\apache\geronimo\specs\geronimo-j2ee-management_1.0_spec\1.1\geronimo-j2ee-management_1.0_spec-1.1.jar;C:\Users\Admin\.m2\repository\org\springframework\spring-jms\3.2.1.RELEASE\spring-jms-3.2.1.RELEASE.jar;C:\Users\Admin\.m2\repository\org\springframework\spring-tx\3.2.1.RELEASE\spring-tx-3.2.1.RELEASE.jar;C:\Users\Admin\.m2\repository\org\mule\transports\mule-transport-vm\3.5.1\mule-transport-vm-3.5.1.jar;C:\Users\Admin\.m2\repository\org\mule\modules\mule-module-client\3.5.1\mule-module-client-3.5.1.jar;C:\Users\Admin\.m2\repository\org\mule\modules\mule-module-cxf\3.5.1\mule-module-cxf-3.5.1.jar;C:\Users\Admin\.m2\repository\org\apache\cxf\cxf-rt-core\2.5.9\cxf-rt-core-2.5.9.jar;C:\Users\Admin\.m2\repository\org\apache\cxf\cxf-api\2.5.9\cxf-api-2.5.9.jar;C:\Users\Admin\.m2\repository\org\apache\neethi\neethi\3.0.2\neethi-3.0.2.jar;C:\Users\Admin\.m2\repository\wsdl4j\wsdl4j\1.6.2\wsdl4j-1.6.2.jar;C:\Users\Admin\.m2\repository\org\apache\ws\xmlschema\xmlschema-core\2.0.3\xmlschema-core-2.0.3.jar;C:\Users\Admin\.m2\repository\org\apache\cxf\cxf-rt-frontend-simple\2.5.9\cxf-rt-frontend-simple-2.5.9.jar;C:\Users\Admin\.m2\repository\org\apache\cxf\cxf-rt-bindings-soap\2.5.9\cxf-rt-bindings-soap-2.5.9.jar;C:\Users\Admin\.m2\repository\org\apache\cxf\cxf-rt-frontend-jaxws\2.5.9\cxf-rt-frontend-jaxws-2.5.9.jar;C:\Users\Admin\.m2\repository\xml-resolver\xml-resolver\1.2\xml-resolver-1.2.jar;C:\Users\Admin\.m2\repository\org\apache\cxf\cxf-rt-bindings-xml\2.5.9\cxf-rt-bindings-xml-2.5.9.jar;C:\Users\Admin\.m2\repository\org\apache\cxf\cxf-rt-databinding-aegis\2.5.9\cxf-rt-databinding-aegis-2.5.9.jar;C:\Users\Admin\.m2\repository\org\apache\cxf\cxf-rt-databinding-jaxb\2.5.9\cxf-rt-databinding-jaxb-2.5.9.jar;C:\Users\Admin\.m2\repository\com\sun\xml\bind\jaxb-xjc\2.2.5.1\jaxb-xjc-2.2.5.1.jar;C:\Users\Admin\.m2\repository\org\apache\cxf\cxf-rt-databinding-jibx\2.5.9\cxf-rt-databinding-jibx-2.5.9.jar;C:\Users\Admin\.m2\repository\org\apache\cxf\cxf-tools-common\2.5.9\cxf-tools-common-2.5.9.jar;C:\Users\Admin\.m2\repository\org\jibx\jibx-run\1.2.4.5\jibx-run-1.2.4.5.jar;C:\Users\Admin\.m2\repository\xpp3\xpp3\1.1.3.4.O\xpp3-1.1.3.4.O.jar;C:\Users\Admin\.m2\repository\org\jibx\jibx-schema\1.2.4.5\jibx-schema-1.2.4.5.jar;C:\Users\Admin\.m2\repository\org\jibx\jibx-extras\1.2.4.5\jibx-extras-1.2.4.5.jar;C:\Users\Admin\.m2\repository\org\jdom\jdom\1.1.3\jdom-1.1.3.jar;C:\Users\Admin\.m2\repository\org\apache\cxf\cxf-rt-transports-local\2.5.9\cxf-rt-transports-local-2.5.9.jar;C:\Users\Admin\.m2\repository\org\apache\cxf\cxf-rt-ws-security\2.5.9\cxf-rt-ws-security-2.5.9.jar;C:\Users\Admin\.m2\repository\org\apache\cxf\cxf-common-utilities\2.5.9\cxf-common-utilities-2.5.9.jar;C:\Users\Admin\.m2\repository\org\apache\ws\security\wss4j\1.6.9\wss4j-1.6.9.jar;C:\Users\Admin\.m2\repository\org\apache\santuario\xmlsec\1.5.3\xmlsec-1.5.3.jar;C:\Users\Admin\.m2\repository\org\opensaml\opensaml\2.5.1-1\opensaml-2.5.1-1.jar;C:\Users\Admin\.m2\repository\org\opensaml\openws\1.4.2-1\openws-1.4.2-1.jar;C:\Users\Admin\.m2\repository\org\opensaml\xmltooling\1.3.2-1\xmltooling-1.3.2-1.jar;C:\Users\Admin\.m2\repository\org\apache\cxf\cxf-rt-ws-rm\2.5.9\cxf-rt-ws-rm-2.5.9.jar;C:\Users\Admin\.m2\repository\org\apache\cxf\cxf-rt-management\2.5.9\cxf-rt-management-2.5.9.jar;C:\Users\Admin\.m2\repository\org\apache\cxf\cxf-rt-ws-addr\2.5.9\cxf-rt-ws-addr-2.5.9.jar;C:\Users\Admin\.m2\repository\org\apache\cxf\cxf-rt-transports-http\2.5.9\cxf-rt-transports-http-2.5.9.jar;C:\Users\Admin\.m2\repository\org\apache\cxf\cxf-rt-transports-common\2.5.9\cxf-rt-transports-common-2.5.9.jar;C:\Users\Admin\.m2\repository\org\springframework\spring-web\3.0.6.RELEASE\spring-web-3.0.6.RELEASE.jar;C:\Users\Admin\.m2\repository\org\apache\cxf\cxf-wstx-msv-validation\2.5.9\cxf-wstx-msv-validation-2.5.9.jar;C:\Users\Admin\.m2\repository\net\java\dev\msv\msv-core\2011.1\msv-core-2011.1.jar;C:\Users\Admin\.m2\repository\com\sun\msv\datatype\xsd\xsdlib\2010.1\xsdlib-2010.1.jar;C:\Users\Admin\.m2\repository\isorelax\isorelax\20030108\isorelax-20030108.jar;C:\Users\Admin\.m2\repository\relaxngDatatype\relaxngDatatype\20020414\relaxngDatatype-20020414.jar;C:\Users\Admin\.m2\repository\com\sun\xml\messaging\saaj\saaj-impl\1.3\saaj-impl-1.3.jar;C:\Users\Admin\.m2\repository\javax\xml\soap\saaj-api\1.3\saaj-api-1.3.jar;C:\Users\Admin\.m2\repository\org\mule\modules\mule-module-spring-security\3.5.1\mule-module-spring-security-3.5.1.jar;C:\Users\Admin\.m2\repository\org\mule\modules\mule-module-spring-extras\3.5.1\mule-module-spring-extras-3.5.1.jar;C:\Users\Admin\.m2\repository\org\springframework\spring-jdbc\3.2.1.RELEASE\spring-jdbc-3.2.1.RELEASE.jar;C:\Users\Admin\.m2\repository\org\springframework\spring-context-support\3.2.1.RELEASE\spring-context-support-3.2.1.RELEASE.jar;C:\Users\Admin\.m2\repository\org\springframework\security\spring-security-core\3.1.0.RELEASE\spring-security-core-3.1.0.RELEASE.jar;C:\Users\Admin\.m2\repository\org\springframework\security\spring-security-crypto\3.1.0.RELEASE\spring-security-crypto-3.1.0.RELEASE.jar;C:\Users\Admin\.m2\repository\org\springframework\security\spring-security-config\3.1.0.RELEASE\spring-security-config-3.1.0.RELEASE.jar;C:\Users\Admin\.m2\repository\org\springframework\security\spring-security-web\3.1.0.RELEASE\spring-security-web-3.1.0.RELEASE.jar;C:\Users\Admin\.m2\repository\org\springframework\security\spring-security-ldap\3.1.0.RELEASE\spring-security-ldap-3.1.0.RELEASE.jar;C:\Users\Admin\.m2\repository\org\springframework\ldap\spring-ldap-core\1.3.1.RELEASE\spring-ldap-core-1.3.1.RELEASE.jar;C:\Users\Admin\.m2\repository\org\apache\geronimo\specs\geronimo-servlet_3.0_spec\1.0\geronimo-servlet_3.0_spec-1.0.jar;C:\Users\Admin\.m2\repository\org\mule\transports\mule-transport-tcp\3.5.1\mule-transport-tcp-3.5.1.jar;C:\Users\Admin\.m2\repository\net\sourceforge\saxon\saxon\9.1.0.8\saxon-9.1.0.8.jar;C:\Users\Admin\.m2\repository\org\apache\geronimo\specs\geronimo-annotation_1.1_spec\1.0.1\geronimo-annotation_1.1_spec-1.0.1.jar;C:\Users\Admin\.m2\repository\org\springframework\spring-beans\3.2.1.RELEASE\spring-beans-3.2.1.RELEASE.jar;C:\Users\Admin\.m2\repository\org\springframework\spring-core\3.2.1.RELEASE\spring-core-3.2.1.RELEASE.jar;C:\Users\Admin\.m2\repository\javax\mail\mail\1.4.3\mail-1.4.3.jar;C:\Users\Admin\.m2\repository\javax\xml\ws\jaxws-api\2.2.1\jaxws-api-2.2.1.jar;C:\Users\Admin\.m2\repository\javax\jws\jsr181-api\1.0-MR1\jsr181-api-1.0-MR1.jar;C:\Users\Admin\.m2\repository\org\apache\ant\ant\1.7.0\ant-1.7.0.jar;C:\Users\Admin\.m2\repository\org\apache\ant\ant-launcher\1.7.0\ant-launcher-1.7.0.jar;C:\Users\Admin\.m2\repository\org\mule\modules\mule-module-management\3.5.1\mule-module-management-3.5.1.jar;C:\Users\Admin\.m2\repository\mx4j\mx4j-jmx\2.1.1\mx4j-jmx-2.1.1.jar;C:\Users\Admin\.m2\repository\mx4j\mx4j-impl\2.1.1\mx4j-impl-2.1.1.jar;C:\Users\Admin\.m2\repository\mx4j\mx4j-tools\2.1.1\mx4j-tools-2.1.1.jar;C:\Users\Admin\.m2\repository\mx4j\mx4j-remote\2.1.1\mx4j-remote-2.1.1.jar;C:\Users\Admin\.m2\repository\com\yourkit\yjp-controller-api-redist\9.0.8\yjp-controller-api-redist-9.0.8.jar;C:\Users\Admin\.m2\repository\org\mule\modules\mule-module-scripting\3.5.1\mule-module-scripting-3.5.1.jar;C:\Users\Admin\.m2\repository\org\springframework\spring-aop\3.2.1.RELEASE\spring-aop-3.2.1.RELEASE.jar;C:\Users\Admin\.m2\repository\aopalliance\aopalliance\1.0\aopalliance-1.0.jar;C:\Users\Admin\.m2\repository\org\mule\modules\mule-module-builders\3.5.1\mule-module-builders-3.5.1.jar;C:\Users\Admin\.m2\repository\org\livetribe\livetribe-jsr223\2.0.5\livetribe-jsr223-2.0.5.jar;C:\Users\Admin\.m2\repository\org\codehaus\groovy\groovy-all\1.8.6\groovy-all-1.8.6.jar;C:\Users\Admin\.m2\repository\org\mule\modules\mule-module-sxc\3.5.1\mule-module-sxc-3.5.1.jar;C:\Users\Admin\.m2\repository\com\envoisolutions\sxc\sxc-xpath\0.7.3\sxc-xpath-0.7.3.jar;C:\Users\Admin\.m2\repository\com\envoisolutions\sxc\sxc-runtime\0.7.3\sxc-runtime-0.7.3.jar;C:\Users\Admin\.m2\repository\com\envoisolutions\sxc\sxc-core\0.7.3\sxc-core-0.7.3.jar;C:\Users\Admin\.m2\repository\org\mule\modules\mule-module-xml\3.5.1\mule-module-xml-3.5.1.jar;C:\Users\Admin\.m2\repository\org\apache\geronimo\specs\geronimo-stax-api_1.0_spec\1.0.1\geronimo-stax-api_1.0_spec-1.0.1.jar;C:\Users\Admin\.m2\repository\commons-jxpath\commons-jxpath\1.3\commons-jxpath-1.3.jar;C:\Users\Admin\.m2\repository\com\thoughtworks\xstream\xstream\1.4.2\xstream-1.4.2.jar;C:\Users\Admin\.m2\repository\xmlpull\xmlpull\1.1.3.1\xmlpull-1.1.3.1.jar;C:\Users\Admin\.m2\repository\xpp3\xpp3_min\1.1.3.4.O\xpp3_min-1.1.3.4.O.jar;C:\Users\Admin\.m2\repository\org\codehaus\woodstox\woodstox-core-asl\4.1.4\woodstox-core-asl-4.1.4.jar;C:\Users\Admin\.m2\repository\net\java\dev\stax-utils\stax-utils\20080702\stax-utils-20080702.jar;C:\Users\Admin\.m2\repository\net\sourceforge\saxon\saxon\9.1.0.8\saxon-9.1.0.8-dom.jar;C:\Users\Admin\.m2\repository\net\sourceforge\saxon\saxon\9.1.0.8\saxon-9.1.0.8-xqj.jar;C:\Users\Admin\.m2\repository\javax\xml\bind\jaxb-api\2.1\jaxb-api-2.1.jar;C:\Users\Admin\.m2\repository\com\sun\xml\bind\jaxb-impl\2.1.5\jaxb-impl-2.1.5.jar;C:\Users\Admin\.m2\repository\org\mule\tests\mule-tests-functional\3.5.1\mule-tests-functional-3.5.1.jar;C:\Users\Admin\.m2\repository\commons-net\commons-net\2.0\commons-net-2.0.jar;C:\Users\Admin\.m2\repository\org\apache\ftpserver\ftpserver-core\1.0.2\ftpserver-core-1.0.2.jar;C:\Users\Admin\.m2\repository\org\apache\mina\mina-core\2.0.0-M6\mina-core-2.0.0-M6.jar;C:\Users\Admin\.m2\repository\org\apache\ftpserver\ftplet-api\1.0.2\ftplet-api-1.0.2.jar;C:\Users\Admin\.m2\repository\org\apache\sshd\sshd-core\0.6.0\sshd-core-0.6.0.jar;C:\Users\Admin\.m2\repository\org\bouncycastle\bcprov-jdk16\1.46\bcprov-jdk16-1.46.jar;C:\Users\Admin\.m2\repository\org\mule\mule-core\3.5.1\mule-core-3.5.1-tests.jar;C:\Users\Admin\.m2\repository\org\mockito\mockito-all\1.9.0\mockito-all-1.9.0.jar;C:\Users\Admin\.m2\repository\mockobjects\mockobjects-core\0.09\mockobjects-core-0.09.jar;C:\Users\Admin\.m2\repository\junit\junit\4.9\junit-4.9.jar;C:\Users\Admin\.m2\repository\org\hamcrest\hamcrest-core\1.1\hamcrest-core-1.1.jar;C:\Users\Admin\.m2\repository\javax\ws\rs\jsr311-api\0.10\jsr311-api-0.10.jar;C:\Users\Admin\.m2\repository\commons-cli\commons-cli\1.1\commons-cli-1.1.jar;"/>
    <property name="java.specification.name" value="Java Platform API Specification"/>
    <property name="java.class.version" value="51.0"/>
    <property name="sun.management.compiler" value="HotSpot 64-Bit Tiered Compilers"/>
    <property name="java.util.prefs.PreferencesFactory" value="com.mulesource.licm.pref.MulePreferencesFactory"/>
    <property name="os.version" value="6.2"/>
    <property name="user.home" value="C:\Users\Admin"/>
    <property name="user.timezone" value="Europe/Prague"/>
    <property name="java.awt.printerjob" value="sun.awt.windows.WPrinterJob"/>
    <property name="java.specification.version" value="1.7"/>
    <property name="file.encoding" value="Cp1250"/>
    <property name="user.name" value="Admin"/>
    <property name="java.class.path" value="c:\incoming\examples\mel-basics\target\test-classes;c:\incoming\examples\mel-basics\target\classes;C:\Users\Admin\.m2\repository\com\mulesoft\muleesb\modules\mule-module-data-mapper\3.5.1\mule-module-data-mapper-3.5.1.jar;C:\Users\Admin\.m2\repository\de\schlichtherle\truelicense\1.29\truelicense-1.29.jar;C:\Users\Admin\.m2\repository\de\schlichtherle\truexml\1.29\truexml-1.29.jar;C:\Users\Admin\.m2\repository\com\mulesoft\licm\licm\1.1.4\licm-1.1.4.jar;C:\Users\Admin\.m2\repository\opensymphony\propertyset\1.3\propertyset-1.3.jar;C:\Users\Admin\.m2\repository\opensymphony\oscore\2.2.4\oscore-2.2.4.jar;C:\Users\Admin\.m2\repository\commons-codec\commons-codec\1.3\commons-codec-1.3.jar;C:\Users\Admin\.m2\repository\com\mulesoft\muleesb\modules\mule-module-boot-ee\3.5.1\mule-module-boot-ee-3.5.1.jar;C:\Users\Admin\.m2\repository\com\mulesoft\muleesb\mule-core-ee\3.5.1\mule-core-ee-3.5.1.jar;C:\Users\Admin\.m2\repository\org\aspectj\aspectjrt\1.6.11\aspectjrt-1.6.11.jar;C:\Users\Admin\.m2\repository\tanukisoft\wrapper\3.2.3\wrapper-3.2.3.jar;C:\Users\Admin\.m2\repository\org\mule\modules\mule-module-json\3.5.1\mule-module-json-3.5.1.jar;C:\Users\Admin\.m2\repository\org\codehaus\jackson\jackson-core-asl\1.9.11\jackson-core-asl-1.9.11.jar;C:\Users\Admin\.m2\repository\org\codehaus\jackson\jackson-mapper-asl\1.9.11\jackson-mapper-asl-1.9.11.jar;C:\Users\Admin\.m2\repository\org\codehaus\jackson\jackson-xc\1.9.11\jackson-xc-1.9.11.jar;C:\Users\Admin\.m2\repository\de\odysseus\staxon\staxon\1.2\staxon-1.2.jar;C:\Users\Admin\.m2\repository\org\codehaus\woodstox\stax2-api\3.1.1\stax2-api-3.1.1.jar;C:\Users\Admin\.m2\repository\javax\xml\stream\stax-api\1.0-2\stax-api-1.0-2.jar;C:\Users\Admin\.m2\repository\org\kitchen-eel\json-schema-validator\1.2.2\json-schema-validator-1.2.2.jar;C:\Users\Admin\.m2\repository\org\mozilla\rhino\1.7R4\rhino-1.7R4.jar;C:\Users\Admin\.m2\repository\javax\mail\mailapi\1.4.3\mailapi-1.4.3.jar;C:\Users\Admin\.m2\repository\com\fasterxml\jackson\core\jackson-databind\2.1.1\jackson-databind-2.1.1.jar;C:\Users\Admin\.m2\repository\com\fasterxml\jackson\core\jackson-annotations\2.1.1\jackson-annotations-2.1.1.jar;C:\Users\Admin\.m2\repository\com\fasterxml\jackson\core\jackson-core\2.1.1\jackson-core-2.1.1.jar;C:\Users\Admin\.m2\repository\org\mule\mule-core\3.5.1\mule-core-3.5.1.jar;C:\Users\Admin\.m2\repository\commons-beanutils\commons-beanutils\1.8.0\commons-beanutils-1.8.0.jar;C:\Users\Admin\.m2\repository\com\github\stephenc\eaio-uuid\uuid\3.4.0\uuid-3.4.0.jar;C:\Users\Admin\.m2\repository\com\github\stephenc\eaio-grabbag\grabbag\1.8.1\grabbag-1.8.1.jar;C:\Users\Admin\.m2\repository\commons-collections\commons-collections\3.2.1\commons-collections-3.2.1.jar;C:\Users\Admin\.m2\repository\commons-io\commons-io\2.4\commons-io-2.4.jar;C:\Users\Admin\.m2\repository\commons-lang\commons-lang\2.4\commons-lang-2.4.jar;C:\Users\Admin\.m2\repository\commons-pool\commons-pool\1.6\commons-pool-1.6.jar;C:\Users\Admin\.m2\repository\org\apache\geronimo\specs\geronimo-jta_1.1_spec\1.1.1\geronimo-jta_1.1_spec-1.1.1.jar;C:\Users\Admin\.m2\repository\org\apache\geronimo\specs\geronimo-j2ee-connector_1.5_spec\1.1\geronimo-j2ee-connector_1.5_spec-1.1.jar;C:\Users\Admin\.m2\repository\javax\annotation\jsr250-api\1.0\jsr250-api-1.0.jar;C:\Users\Admin\.m2\repository\org\slf4j\jcl-over-slf4j\1.6.1\jcl-over-slf4j-1.6.1.jar;C:\Users\Admin\.m2\repository\org\slf4j\slf4j-api\1.6.1\slf4j-api-1.6.1.jar;C:\Users\Admin\.m2\repository\org\slf4j\slf4j-log4j12\1.6.1\slf4j-log4j12-1.6.1.jar;C:\Users\Admin\.m2\repository\log4j\log4j\1.2.16\log4j-1.2.16.jar;C:\Users\Admin\.m2\repository\asm\asm\3.1\asm-3.1.jar;C:\Users\Admin\.m2\repository\asm\asm-commons\3.1\asm-commons-3.1.jar;C:\Users\Admin\.m2\repository\asm\asm-tree\3.1\asm-tree-3.1.jar;C:\Users\Admin\.m2\repository\org\mule\mvel\mule-mvel2\2.1.9-MULE-004\mule-mvel2-2.1.9-MULE-004.jar;C:\Users\Admin\.m2\repository\org\jgrapht\jgrapht-jdk1.5\0.7.3\jgrapht-jdk1.5-0.7.3.jar;C:\Users\Admin\.m2\repository\org\mule\common\mule-common\3.5.1\mule-common-3.5.1.jar;C:\Users\Admin\.m2\repository\org\apache\xmlbeans\xmlbeans\2.3.0\xmlbeans-2.3.0.jar;C:\Users\Admin\.m2\repository\org\antlr\antlr-runtime\3.5\antlr-runtime-3.5.jar;C:\Users\Admin\.m2\repository\org\antlr\stringtemplate\3.2.1\stringtemplate-3.2.1.jar;C:\Users\Admin\.m2\repository\com\google\guava\guava\16.0.1\guava-16.0.1.jar;C:\Users\Admin\.m2\repository\org\mule\modules\mule-module-spring-config\3.5.1\mule-module-spring-config-3.5.1.jar;C:\Users\Admin\.m2\repository\org\mule\modules\mule-module-annotations\3.5.1\mule-module-annotations-3.5.1.jar;C:\Users\Admin\.m2\repository\cglib\cglib-nodep\2.2\cglib-nodep-2.2.jar;C:\Users\Admin\.m2\repository\org\springframework\spring-context\3.2.1.RELEASE\spring-context-3.2.1.RELEASE.jar;C:\Users\Admin\.m2\repository\org\springframework\spring-expression\3.2.1.RELEASE\spring-expression-3.2.1.RELEASE.jar;C:\Users\Admin\.m2\repository\dom4j\dom4j\1.6.1\dom4j-1.6.1.jar;C:\Users\Admin\.m2\repository\jaxen\jaxen\1.1.1\jaxen-1.1.1.jar;C:\Users\Admin\.m2\repository\org\mule\transports\mule-transport-file\3.5.1\mule-transport-file-3.5.1.jar;C:\Users\Admin\.m2\repository\org\mule\transports\mule-transport-http\3.5.1\mule-transport-http-3.5.1.jar;C:\Users\Admin\.m2\repository\org\mule\transports\mule-transport-ssl\3.5.1\mule-transport-ssl-3.5.1.jar;C:\Users\Admin\.m2\repository\commons-httpclient\commons-httpclient\3.1\commons-httpclient-3.1.jar;C:\Users\Admin\.m2\repository\tomcat\tomcat-util\5.5.23\tomcat-util-5.5.23.jar;C:\Users\Admin\.m2\repository\tomcat\tomcat-apr\5.5.23\tomcat-apr-5.5.23.jar;C:\Users\Admin\.m2\repository\org\samba\jcifs\jcifs\1.3.3\jcifs-1.3.3.jar;C:\Users\Admin\.m2\repository\joda-time\joda-time\1.6\joda-time-1.6.jar;C:\Users\Admin\.m2\repository\org\mule\transports\mule-transport-jdbc\3.5.1\mule-transport-jdbc-3.5.1.jar;C:\Users\Admin\.m2\repository\commons-dbutils\commons-dbutils\1.2\commons-dbutils-1.2.jar;C:\Users\Admin\.m2\repository\com\experlog\xapool\1.5.0\xapool-1.5.0.jar;C:\Users\Admin\.m2\repository\org\mule\transports\mule-transport-jms\3.5.1\mule-transport-jms-3.5.1.jar;C:\Users\Admin\.m2\repository\org\apache\geronimo\specs\geronimo-jms_1.1_spec\1.1\geronimo-jms_1.1_spec-1.1.jar;C:\Users\Admin\.m2\repository\org\apache\geronimo\specs\geronimo-j2ee-management_1.0_spec\1.1\geronimo-j2ee-management_1.0_spec-1.1.jar;C:\Users\Admin\.m2\repository\org\springframework\spring-jms\3.2.1.RELEASE\spring-jms-3.2.1.RELEASE.jar;C:\Users\Admin\.m2\repository\org\springframework\spring-tx\3.2.1.RELEASE\spring-tx-3.2.1.RELEASE.jar;C:\Users\Admin\.m2\repository\org\mule\transports\mule-transport-vm\3.5.1\mule-transport-vm-3.5.1.jar;C:\Users\Admin\.m2\repository\org\mule\modules\mule-module-client\3.5.1\mule-module-client-3.5.1.jar;C:\Users\Admin\.m2\repository\org\mule\modules\mule-module-cxf\3.5.1\mule-module-cxf-3.5.1.jar;C:\Users\Admin\.m2\repository\org\apache\cxf\cxf-rt-core\2.5.9\cxf-rt-core-2.5.9.jar;C:\Users\Admin\.m2\repository\org\apache\cxf\cxf-api\2.5.9\cxf-api-2.5.9.jar;C:\Users\Admin\.m2\repository\org\apache\neethi\neethi\3.0.2\neethi-3.0.2.jar;C:\Users\Admin\.m2\repository\wsdl4j\wsdl4j\1.6.2\wsdl4j-1.6.2.jar;C:\Users\Admin\.m2\repository\org\apache\ws\xmlschema\xmlschema-core\2.0.3\xmlschema-core-2.0.3.jar;C:\Users\Admin\.m2\repository\org\apache\cxf\cxf-rt-frontend-simple\2.5.9\cxf-rt-frontend-simple-2.5.9.jar;C:\Users\Admin\.m2\repository\org\apache\cxf\cxf-rt-bindings-soap\2.5.9\cxf-rt-bindings-soap-2.5.9.jar;C:\Users\Admin\.m2\repository\org\apache\cxf\cxf-rt-frontend-jaxws\2.5.9\cxf-rt-frontend-jaxws-2.5.9.jar;C:\Users\Admin\.m2\repository\xml-resolver\xml-resolver\1.2\xml-resolver-1.2.jar;C:\Users\Admin\.m2\repository\org\apache\cxf\cxf-rt-bindings-xml\2.5.9\cxf-rt-bindings-xml-2.5.9.jar;C:\Users\Admin\.m2\repository\org\apache\cxf\cxf-rt-databinding-aegis\2.5.9\cxf-rt-databinding-aegis-2.5.9.jar;C:\Users\Admin\.m2\repository\org\apache\cxf\cxf-rt-databinding-jaxb\2.5.9\cxf-rt-databinding-jaxb-2.5.9.jar;C:\Users\Admin\.m2\repository\com\sun\xml\bind\jaxb-xjc\2.2.5.1\jaxb-xjc-2.2.5.1.jar;C:\Users\Admin\.m2\repository\org\apache\cxf\cxf-rt-databinding-jibx\2.5.9\cxf-rt-databinding-jibx-2.5.9.jar;C:\Users\Admin\.m2\repository\org\apache\cxf\cxf-tools-common\2.5.9\cxf-tools-common-2.5.9.jar;C:\Users\Admin\.m2\repository\org\jibx\jibx-run\1.2.4.5\jibx-run-1.2.4.5.jar;C:\Users\Admin\.m2\repository\xpp3\xpp3\1.1.3.4.O\xpp3-1.1.3.4.O.jar;C:\Users\Admin\.m2\repository\org\jibx\jibx-schema\1.2.4.5\jibx-schema-1.2.4.5.jar;C:\Users\Admin\.m2\repository\org\jibx\jibx-extras\1.2.4.5\jibx-extras-1.2.4.5.jar;C:\Users\Admin\.m2\repository\org\jdom\jdom\1.1.3\jdom-1.1.3.jar;C:\Users\Admin\.m2\repository\org\apache\cxf\cxf-rt-transports-local\2.5.9\cxf-rt-transports-local-2.5.9.jar;C:\Users\Admin\.m2\repository\org\apache\cxf\cxf-rt-ws-security\2.5.9\cxf-rt-ws-security-2.5.9.jar;C:\Users\Admin\.m2\repository\org\apache\cxf\cxf-common-utilities\2.5.9\cxf-common-utilities-2.5.9.jar;C:\Users\Admin\.m2\repository\org\apache\ws\security\wss4j\1.6.9\wss4j-1.6.9.jar;C:\Users\Admin\.m2\repository\org\apache\santuario\xmlsec\1.5.3\xmlsec-1.5.3.jar;C:\Users\Admin\.m2\repository\org\opensaml\opensaml\2.5.1-1\opensaml-2.5.1-1.jar;C:\Users\Admin\.m2\repository\org\opensaml\openws\1.4.2-1\openws-1.4.2-1.jar;C:\Users\Admin\.m2\repository\org\opensaml\xmltooling\1.3.2-1\xmltooling-1.3.2-1.jar;C:\Users\Admin\.m2\repository\org\apache\cxf\cxf-rt-ws-rm\2.5.9\cxf-rt-ws-rm-2.5.9.jar;C:\Users\Admin\.m2\repository\org\apache\cxf\cxf-rt-management\2.5.9\cxf-rt-management-2.5.9.jar;C:\Users\Admin\.m2\repository\org\apache\cxf\cxf-rt-ws-addr\2.5.9\cxf-rt-ws-addr-2.5.9.jar;C:\Users\Admin\.m2\repository\org\apache\cxf\cxf-rt-transports-http\2.5.9\cxf-rt-transports-http-2.5.9.jar;C:\Users\Admin\.m2\repository\org\apache\cxf\cxf-rt-transports-common\2.5.9\cxf-rt-transports-common-2.5.9.jar;C:\Users\Admin\.m2\repository\org\springframework\spring-web\3.0.6.RELEASE\spring-web-3.0.6.RELEASE.jar;C:\Users\Admin\.m2\repository\org\apache\cxf\cxf-wstx-msv-validation\2.5.9\cxf-wstx-msv-validation-2.5.9.jar;C:\Users\Admin\.m2\repository\net\java\dev\msv\msv-core\2011.1\msv-core-2011.1.jar;C:\Users\Admin\.m2\repository\com\sun\msv\datatype\xsd\xsdlib\2010.1\xsdlib-2010.1.jar;C:\Users\Admin\.m2\repository\isorelax\isorelax\20030108\isorelax-20030108.jar;C:\Users\Admin\.m2\repository\relaxngDatatype\relaxngDatatype\20020414\relaxngDatatype-20020414.jar;C:\Users\Admin\.m2\repository\com\sun\xml\messaging\saaj\saaj-impl\1.3\saaj-impl-1.3.jar;C:\Users\Admin\.m2\repository\javax\xml\soap\saaj-api\1.3\saaj-api-1.3.jar;C:\Users\Admin\.m2\repository\org\mule\modules\mule-module-spring-security\3.5.1\mule-module-spring-security-3.5.1.jar;C:\Users\Admin\.m2\repository\org\mule\modules\mule-module-spring-extras\3.5.1\mule-module-spring-extras-3.5.1.jar;C:\Users\Admin\.m2\repository\org\springframework\spring-jdbc\3.2.1.RELEASE\spring-jdbc-3.2.1.RELEASE.jar;C:\Users\Admin\.m2\repository\org\springframework\spring-context-support\3.2.1.RELEASE\spring-context-support-3.2.1.RELEASE.jar;C:\Users\Admin\.m2\repository\org\springframework\security\spring-security-core\3.1.0.RELEASE\spring-security-core-3.1.0.RELEASE.jar;C:\Users\Admin\.m2\repository\org\springframework\security\spring-security-crypto\3.1.0.RELEASE\spring-security-crypto-3.1.0.RELEASE.jar;C:\Users\Admin\.m2\repository\org\springframework\security\spring-security-config\3.1.0.RELEASE\spring-security-config-3.1.0.RELEASE.jar;C:\Users\Admin\.m2\repository\org\springframework\security\spring-security-web\3.1.0.RELEASE\spring-security-web-3.1.0.RELEASE.jar;C:\Users\Admin\.m2\repository\org\springframework\security\spring-security-ldap\3.1.0.RELEASE\spring-security-ldap-3.1.0.RELEASE.jar;C:\Users\Admin\.m2\repository\org\springframework\ldap\spring-ldap-core\1.3.1.RELEASE\spring-ldap-core-1.3.1.RELEASE.jar;C:\Users\Admin\.m2\repository\org\apache\geronimo\specs\geronimo-servlet_3.0_spec\1.0\geronimo-servlet_3.0_spec-1.0.jar;C:\Users\Admin\.m2\repository\org\mule\transports\mule-transport-tcp\3.5.1\mule-transport-tcp-3.5.1.jar;C:\Users\Admin\.m2\repository\net\sourceforge\saxon\saxon\9.1.0.8\saxon-9.1.0.8.jar;C:\Users\Admin\.m2\repository\org\apache\geronimo\specs\geronimo-annotation_1.1_spec\1.0.1\geronimo-annotation_1.1_spec-1.0.1.jar;C:\Users\Admin\.m2\repository\org\springframework\spring-beans\3.2.1.RELEASE\spring-beans-3.2.1.RELEASE.jar;C:\Users\Admin\.m2\repository\org\springframework\spring-core\3.2.1.RELEASE\spring-core-3.2.1.RELEASE.jar;C:\Users\Admin\.m2\repository\javax\mail\mail\1.4.3\mail-1.4.3.jar;C:\Users\Admin\.m2\repository\javax\xml\ws\jaxws-api\2.2.1\jaxws-api-2.2.1.jar;C:\Users\Admin\.m2\repository\javax\jws\jsr181-api\1.0-MR1\jsr181-api-1.0-MR1.jar;C:\Users\Admin\.m2\repository\org\apache\ant\ant\1.7.0\ant-1.7.0.jar;C:\Users\Admin\.m2\repository\org\apache\ant\ant-launcher\1.7.0\ant-launcher-1.7.0.jar;C:\Users\Admin\.m2\repository\org\mule\modules\mule-module-management\3.5.1\mule-module-management-3.5.1.jar;C:\Users\Admin\.m2\repository\mx4j\mx4j-jmx\2.1.1\mx4j-jmx-2.1.1.jar;C:\Users\Admin\.m2\repository\mx4j\mx4j-impl\2.1.1\mx4j-impl-2.1.1.jar;C:\Users\Admin\.m2\repository\mx4j\mx4j-tools\2.1.1\mx4j-tools-2.1.1.jar;C:\Users\Admin\.m2\repository\mx4j\mx4j-remote\2.1.1\mx4j-remote-2.1.1.jar;C:\Users\Admin\.m2\repository\com\yourkit\yjp-controller-api-redist\9.0.8\yjp-controller-api-redist-9.0.8.jar;C:\Users\Admin\.m2\repository\org\mule\modules\mule-module-scripting\3.5.1\mule-module-scripting-3.5.1.jar;C:\Users\Admin\.m2\repository\org\springframework\spring-aop\3.2.1.RELEASE\spring-aop-3.2.1.RELEASE.jar;C:\Users\Admin\.m2\repository\aopalliance\aopalliance\1.0\aopalliance-1.0.jar;C:\Users\Admin\.m2\repository\org\mule\modules\mule-module-builders\3.5.1\mule-module-builders-3.5.1.jar;C:\Users\Admin\.m2\repository\org\livetribe\livetribe-jsr223\2.0.5\livetribe-jsr223-2.0.5.jar;C:\Users\Admin\.m2\repository\org\codehaus\groovy\groovy-all\1.8.6\groovy-all-1.8.6.jar;C:\Users\Admin\.m2\repository\org\mule\modules\mule-module-sxc\3.5.1\mule-module-sxc-3.5.1.jar;C:\Users\Admin\.m2\repository\com\envoisolutions\sxc\sxc-xpath\0.7.3\sxc-xpath-0.7.3.jar;C:\Users\Admin\.m2\repository\com\envoisolutions\sxc\sxc-runtime\0.7.3\sxc-runtime-0.7.3.jar;C:\Users\Admin\.m2\repository\com\envoisolutions\sxc\sxc-core\0.7.3\sxc-core-0.7.3.jar;C:\Users\Admin\.m2\repository\org\mule\modules\mule-module-xml\3.5.1\mule-module-xml-3.5.1.jar;C:\Users\Admin\.m2\repository\org\apache\geronimo\specs\geronimo-stax-api_1.0_spec\1.0.1\geronimo-stax-api_1.0_spec-1.0.1.jar;C:\Users\Admin\.m2\repository\commons-jxpath\commons-jxpath\1.3\commons-jxpath-1.3.jar;C:\Users\Admin\.m2\repository\com\thoughtworks\xstream\xstream\1.4.2\xstream-1.4.2.jar;C:\Users\Admin\.m2\repository\xmlpull\xmlpull\1.1.3.1\xmlpull-1.1.3.1.jar;C:\Users\Admin\.m2\repository\xpp3\xpp3_min\1.1.3.4.O\xpp3_min-1.1.3.4.O.jar;C:\Users\Admin\.m2\repository\org\codehaus\woodstox\woodstox-core-asl\4.1.4\woodstox-core-asl-4.1.4.jar;C:\Users\Admin\.m2\repository\net\java\dev\stax-utils\stax-utils\20080702\stax-utils-20080702.jar;C:\Users\Admin\.m2\repository\net\sourceforge\saxon\saxon\9.1.0.8\saxon-9.1.0.8-dom.jar;C:\Users\Admin\.m2\repository\net\sourceforge\saxon\saxon\9.1.0.8\saxon-9.1.0.8-xqj.jar;C:\Users\Admin\.m2\repository\javax\xml\bind\jaxb-api\2.1\jaxb-api-2.1.jar;C:\Users\Admin\.m2\repository\com\sun\xml\bind\jaxb-impl\2.1.5\jaxb-impl-2.1.5.jar;C:\Users\Admin\.m2\repository\org\mule\tests\mule-tests-functional\3.5.1\mule-tests-functional-3.5.1.jar;C:\Users\Admin\.m2\repository\commons-net\commons-net\2.0\commons-net-2.0.jar;C:\Users\Admin\.m2\repository\org\apache\ftpserver\ftpserver-core\1.0.2\ftpserver-core-1.0.2.jar;C:\Users\Admin\.m2\repository\org\apache\mina\mina-core\2.0.0-M6\mina-core-2.0.0-M6.jar;C:\Users\Admin\.m2\repository\org\apache\ftpserver\ftplet-api\1.0.2\ftplet-api-1.0.2.jar;C:\Users\Admin\.m2\repository\org\apache\sshd\sshd-core\0.6.0\sshd-core-0.6.0.jar;C:\Users\Admin\.m2\repository\org\bouncycastle\bcprov-jdk16\1.46\bcprov-jdk16-1.46.jar;C:\Users\Admin\.m2\repository\org\mule\mule-core\3.5.1\mule-core-3.5.1-tests.jar;C:\Users\Admin\.m2\repository\org\mockito\mockito-all\1.9.0\mockito-all-1.9.0.jar;C:\Users\Admin\.m2\repository\mockobjects\mockobjects-core\0.09\mockobjects-core-0.09.jar;C:\Users\Admin\.m2\repository\junit\junit\4.9\junit-4.9.jar;C:\Users\Admin\.m2\repository\org\hamcrest\hamcrest-core\1.1\hamcrest-core-1.1.jar;C:\Users\Admin\.m2\repository\javax\ws\rs\jsr311-api\0.10\jsr311-api-0.10.jar;C:\Users\Admin\.m2\repository\commons-cli\commons-cli\1.1\commons-cli-1.1.jar;"/>
    <property name="java.vm.specification.version" value="1.7"/>
    <property name="sun.arch.data.model" value="64"/>
    <property name="java.home" value="c:\java\jre"/>
    <property name="sun.java.command" value="C:\Users\Admin\AppData\Local\Temp\surefirebooter7173384196901219086.jar C:\Users\Admin\AppData\Local\Temp\surefire9152123933638083611tmp C:\Users\Admin\AppData\Local\Temp\surefire3741740337058828333tmp"/>
    <property name="java.specification.vendor" value="Oracle Corporation"/>
    <property name="user.language" value="en"/>
    <property name="awt.toolkit" value="sun.awt.windows.WToolkit"/>
    <property name="java.vm.info" value="mixed mode"/>
    <property name="java.version" value="1.7.0_60"/>
    <property name="java.ext.dirs" value="c:\java\jre\lib\ext;C:\windows\Sun\Java\lib\ext"/>
    <property name="sun.boot.class.path" value="c:\java\jre\lib\resources.jar;c:\java\jre\lib\rt.jar;c:\java\jre\lib\sunrsasign.jar;c:\java\jre\lib\jsse.jar;c:\java\jre\lib\jce.jar;c:\java\jre\lib\charsets.jar;c:\java\jre\lib\jfr.jar;c:\java\jre\classes"/>
    <property name="java.vendor" value="Oracle Corporation"/>
    <property name="localRepository" value="C:\Users\Admin\.m2\repository"/>
    <property name="file.separator" value="\"/>
    <property name="java.vendor.url.bug" value="http://bugreport.sun.com/bugreport/"/>
    <property name="sun.cpu.endian" value="little"/>
    <property name="sun.io.unicode.encoding" value="UnicodeLittle"/>
    <property name="sun.desktop" value="windows"/>
    <property name="mule.encoding" value="UTF-8"/>
    <property name="sun.cpu.isalist" value="amd64"/>
  </properties>
  <testcase time="2.832" classname="org.mule.examples.MELTest" name="melTest">
    <error message="Error creating bean with name &apos;docs-greetingFlow4&apos;: Cannot create inner bean &apos;(inner bean)&apos; of type [com.mulesoft.mule.module.datamapper.processors.DataMapperMessageProcessor] while setting bean property &apos;messageProcessors&apos; with key [2]; nested exception is org.springframework.beans.factory.BeanCreationException: Error creating bean with name &apos;(inner bean)&apos;: Invocation of init method failed; nested exception is org.mule.api.lifecycle.InitialisationException: Invalid license for MuleSoft DataMapper, please contact MuleSoft info@mulesoft.com (org.mule.api.lifecycle.InitialisationException)" type="org.mule.api.config.ConfigurationException">org.mule.api.config.ConfigurationException: Error creating bean with name &apos;docs-greetingFlow4&apos;: Cannot create inner bean &apos;(inner bean)&apos; of type [com.mulesoft.mule.module.datamapper.processors.DataMapperMessageProcessor] while setting bean property &apos;messageProcessors&apos; with key [2]; nested exception is org.springframework.beans.factory.BeanCreationException: Error creating bean with name &apos;(inner bean)&apos;: Invocation of init method failed; nested exception is org.mule.api.lifecycle.InitialisationException: Invalid license for MuleSoft DataMapper, please contact MuleSoft info@mulesoft.com (org.mule.api.lifecycle.InitialisationException)
	at org.mule.config.builders.AbstractConfigurationBuilder.configure(AbstractConfigurationBuilder.java:49)
	at org.mule.config.builders.AbstractResourceConfigurationBuilder.configure(AbstractResourceConfigurationBuilder.java:69)
	at org.mule.context.DefaultMuleContextFactory$1.configure(DefaultMuleContextFactory.java:84)
	at org.mule.context.DefaultMuleContextFactory.doCreateMuleContext(DefaultMuleContextFactory.java:217)
	at org.mule.context.DefaultMuleContextFactory.createMuleContext(DefaultMuleContextFactory.java:76)
	at org.mule.tck.junit4.AbstractMuleContextTestCase.createMuleContext(AbstractMuleContextTestCase.java:234)
	at org.mule.tck.junit4.AbstractMuleContextTestCase.setUpMuleContext(AbstractMuleContextTestCase.java:143)
	at sun.reflect.NativeMethodAccessorImpl.invoke0(Native Method)
	at sun.reflect.NativeMethodAccessorImpl.invoke(NativeMethodAccessorImpl.java:57)
	at sun.reflect.DelegatingMethodAccessorImpl.invoke(DelegatingMethodAccessorImpl.java:43)
	at java.lang.reflect.Method.invoke(Method.java:606)
	at org.junit.runners.model.FrameworkMethod$1.runReflectiveCall(FrameworkMethod.java:44)
	at org.junit.internal.runners.model.ReflectiveCallable.run(ReflectiveCallable.java:15)
	at org.junit.runners.model.FrameworkMethod.invokeExplosively(FrameworkMethod.java:41)
	at org.junit.internal.runners.statements.RunBefores.evaluate(RunBefores.java:27)
	at org.junit.internal.runners.statements.RunAfters.evaluate(RunAfters.java:31)
	at org.junit.rules.TestWatcher$1.evaluate(TestWatcher.java:46)
	at org.junit.internal.runners.statements.FailOnTimeout$1.run(FailOnTimeout.java:28)
Caused by: org.mule.api.lifecycle.InitialisationException: Error creating bean with name &apos;docs-greetingFlow4&apos;: Cannot create inner bean &apos;(inner bean)&apos; of type [com.mulesoft.mule.module.datamapper.processors.DataMapperMessageProcessor] while setting bean property &apos;messageProcessors&apos; with key [2]; nested exception is org.springframework.beans.factory.BeanCreationException: Error creating bean with name &apos;(inner bean)&apos;: Invocation of init method failed; nested exception is org.mule.api.lifecycle.InitialisationException: Invalid license for MuleSoft DataMapper, please contact MuleSoft info@mulesoft.com
	at org.mule.registry.AbstractRegistry.initialise(AbstractRegistry.java:113)
	at org.mule.config.spring.SpringXmlConfigurationBuilder.createSpringRegistry(SpringXmlConfigurationBuilder.java:135)
	at org.mule.config.spring.SpringXmlConfigurationBuilder.doConfigure(SpringXmlConfigurationBuilder.java:90)
	at org.mule.config.builders.AbstractConfigurationBuilder.configure(AbstractConfigurationBuilder.java:43)
	... 17 more
Caused by: org.springframework.beans.factory.BeanCreationException: Error creating bean with name &apos;docs-greetingFlow4&apos;: Cannot create inner bean &apos;(inner bean)&apos; of type [com.mulesoft.mule.module.datamapper.processors.DataMapperMessageProcessor] while setting bean property &apos;messageProcessors&apos; with key [2]; nested exception is org.springframework.beans.factory.BeanCreationException: Error creating bean with name &apos;(inner bean)&apos;: Invocation of init method failed; nested exception is org.mule.api.lifecycle.InitialisationException: Invalid license for MuleSoft DataMapper, please contact MuleSoft info@mulesoft.com
	at org.springframework.beans.factory.support.BeanDefinitionValueResolver.resolveInnerBean(BeanDefinitionValueResolver.java:282)
	at org.springframework.beans.factory.support.BeanDefinitionValueResolver.resolveValueIfNecessary(BeanDefinitionValueResolver.java:126)
	at org.springframework.beans.factory.support.BeanDefinitionValueResolver.resolveManagedList(BeanDefinitionValueResolver.java:353)
	at org.springframework.beans.factory.support.BeanDefinitionValueResolver.resolveValueIfNecessary(BeanDefinitionValueResolver.java:154)
	at org.springframework.beans.factory.support.AbstractAutowireCapableBeanFactory.applyPropertyValues(AbstractAutowireCapableBeanFactory.java:1391)
	at org.springframework.beans.factory.support.AbstractAutowireCapableBeanFactory.populateBean(AbstractAutowireCapableBeanFactory.java:1132)
	at org.springframework.beans.factory.support.AbstractAutowireCapableBeanFactory.doCreateBean(AbstractAutowireCapableBeanFactory.java:522)
	at org.springframework.beans.factory.support.AbstractAutowireCapableBeanFactory.createBean(AbstractAutowireCapableBeanFactory.java:461)
	at org.springframework.beans.factory.support.AbstractBeanFactory$1.getObject(AbstractBeanFactory.java:295)
	at org.springframework.beans.factory.support.DefaultSingletonBeanRegistry.getSingleton(DefaultSingletonBeanRegistry.java:223)
	at org.springframework.beans.factory.support.AbstractBeanFactory.doGetBean(AbstractBeanFactory.java:292)
	at org.springframework.beans.factory.support.AbstractBeanFactory.getBean(AbstractBeanFactory.java:194)
	at org.springframework.beans.factory.support.DefaultListableBeanFactory.preInstantiateSingletons(DefaultListableBeanFactory.java:626)
	at org.springframework.context.support.AbstractApplicationContext.finishBeanFactoryInitialization(AbstractApplicationContext.java:932)
	at org.springframework.context.support.AbstractApplicationContext.refresh(AbstractApplicationContext.java:479)
	at org.mule.config.spring.SpringRegistry.doInitialise(SpringRegistry.java:86)
	at org.mule.registry.AbstractRegistry.initialise(AbstractRegistry.java:105)
	... 20 more
Caused by: org.springframework.beans.factory.BeanCreationException: Error creating bean with name &apos;(inner bean)&apos;: Invocation of init method failed; nested exception is org.mule.api.lifecycle.InitialisationException: Invalid license for MuleSoft DataMapper, please contact MuleSoft info@mulesoft.com
	at org.springframework.beans.factory.support.AbstractAutowireCapableBeanFactory.initializeBean(AbstractAutowireCapableBeanFactory.java:1486)
	at org.springframework.beans.factory.support.AbstractAutowireCapableBeanFactory.doCreateBean(AbstractAutowireCapableBeanFactory.java:524)
	at org.springframework.beans.factory.support.AbstractAutowireCapableBeanFactory.createBean(AbstractAutowireCapableBeanFactory.java:461)
	at org.springframework.beans.factory.support.BeanDefinitionValueResolver.resolveInnerBean(BeanDefinitionValueResolver.java:271)
	... 36 more
Caused by: org.mule.api.lifecycle.InitialisationException: Invalid license for MuleSoft DataMapper, please contact MuleSoft info@mulesoft.com
	at com.mulesoft.mule.module.datamapper.processors.DataMapperMessageProcessor.initialise(DataMapperMessageProcessor.java:98)
	at sun.reflect.NativeMethodAccessorImpl.invoke0(Native Method)
	at sun.reflect.NativeMethodAccessorImpl.invoke(NativeMethodAccessorImpl.java:57)
	at sun.reflect.DelegatingMethodAccessorImpl.invoke(DelegatingMethodAccessorImpl.java:43)
	at java.lang.reflect.Method.invoke(Method.java:606)
	at org.springframework.beans.factory.support.AbstractAutowireCapableBeanFactory.invokeCustomInitMethod(AbstractAutowireCapableBeanFactory.java:1612)
	at org.springframework.beans.factory.support.AbstractAutowireCapableBeanFactory.invokeInitMethods(AbstractAutowireCapableBeanFactory.java:1553)
	at org.springframework.beans.factory.support.AbstractAutowireCapableBeanFactory.initializeBean(AbstractAutowireCapableBeanFactory.java:1483)
	... 39 more
Caused by: com.mulesource.licm.impl.InvalidLicenseKeyException: de.schlichtherle.license.NoLicenseInstalledException: There is no license certificate installed for MuleSource Enterprise Edition.
	at com.mulesource.licm.impl.TrueLicenseHelper.validateLicenseKey(TrueLicenseHelper.java:233)
	at com.mulesource.licm.impl.MuleLicenseManager.validate(MuleLicenseManager.java:61)
	at com.mulesoft.mule.module.datamapper.boot.DataMapperLicenseCheck.loadLicenseKey(DataMapperLicenseCheck.java:28)
	at com.mulesoft.mule.module.datamapper.boot.DataMapperLicenseCheck.checkDMEntitlement(DataMapperLicenseCheck.java:43)
	at com.mulesoft.mule.module.datamapper.processors.DataMapperMessageProcessor.initialise(DataMapperMessageProcessor.java:90)
	... 46 more
Caused by: de.schlichtherle.license.NoLicenseInstalledException: There is no license certificate installed for MuleSource Enterprise Edition.
	at de.schlichtherle.license.ftp.LicenseManager.verify(Unknown Source)
	at de.schlichtherle.license.LicenseManager.verify(Unknown Source)
	at com.mulesource.licm.impl.TrueLicenseHelper.validateLicenseKey(TrueLicenseHelper.java:228)
	... 50 more
</error>
    <system-out>
================================================================================
= Testing: melTest                                                             =
================================================================================
[08-06 14:35:41] WARN  GenericTypeAwarePropertyDescriptor [Thread-0]: Invalid JavaBean property &apos;port&apos; being accessed! Ambiguous write methods found next to actually used [public void org.mule.endpoint.URIBuilder.setPort(java.lang.String)]: [public void org.mule.endpoint.URIBuilder.setPort(int)]
[08-06 14:35:42] ERROR TrueLicenseHelper [Thread-0]: Couldn&apos;t validate license key!
</system-out>
  </testcase>
</testsuite>